<?xml version="1.0" encoding="UTF-8"?>
<!DOCTYPE issue PUBLIC "-//PKP//OJS Articles and Issues
XML//EN" "http://pkp.sfu.ca/ojs/dtds/native.dtd"> 
<issue current="false"
    identification="title"
    public_id=""
    published="false">
    <title locale="">issue title here</title>
    <description locale="">issue description here</description>
    <volume>issue volume</volume>
    <number>issue number</number>
    <year>issue year</year>
    <cover locale="">
        <caption>caption</caption>
        <image>
            <href mime_type="" src=""/>
        </image>
    </cover>
    <date_published>date_published</date_published>
    <access_date>access_date</access_date>
    <section>
        <title locale="">Section Title</title>
        <abbrev locale="">Section abbrev</abbrev>
        <identify_type locale="">Section identify type</identify_type>
        <article>
            <title>EDITORIAL: One last volley</title>
            <abstract>\N</abstract>
            <indexing/>
            <sponsor/>
            <author primary_contact="false">
                <firstname>Morgan</firstname>
                <middlename><![CDATA[ ]]></middlename>
                <lastname>Knull</lastname>
                <email>email@email.com</email>
            </author>
            <pages/>
            <date_published>\N</date_published>
            <open_access/>
            <galley>
                <label>HTML</label>
                <file>
                    <embed encoding="base64" filename="articletext001.html" mime_type="text/html">PGJyPlRoaXMgc3VtbWVyIG1hcmtzPGk+IENpdmlsIFdhciBCb29rIFJldmlldydzPC9pPiBzZWNvbmQgYW5uaXZlcnNhcnksIHdoaWNoIEkgbWlnaHQgYWxsb3cgdG8gcGFzcyB1bm1lbnRpb25lZCBidXQgZm9yIHRoZSBmYWN0IHRoYXQgdGhpcyBpc3N1ZSBpcyBteSBmaW5hbCBvbmUuIEkgbWlnaHQgY2xvc2Ugb3VyIGFzc29jaWF0aW9uIG9uIHRoZXNlIHBhZ2VzIGJ5IHJlY2FsbGluZyBob3cgc2V2ZXJhbCB2aXNpdG9ycyB0byB0aGUgU291dGggZHVyaW5nIHRoZSBDaXZpbCBXYXIgcGVyY2VpdmVkIHRoZSB0ZXJyYWluLiBGb3IgbXVjaCBsaWtlIHRoZW0sIEkgaGF2ZSBiZWVuIGFuIGV4dGVuZGVkIGd1ZXN0IGluIENpdmlsIFdhciBjaXJjbGVzIGFuZCB3YW50IHRvIHN1bW1vbiBhIGZldyB3b3JkcyBhYm91dCBzdWNoIG9keXNzZXlzLjxicj48YnI+IElmIGFkdmVudHVyZXIgUmljaGFyZCBCdXJ0b24sIGRpc2d1aXNlZCBhcyBhbiBBZmdoYW5pIGRvY3RvciBpbiB0aGUgbWlkZGxlIG9mIE1lY2NhLCBzZXQgYSBzdGFuZGFyZCBmb3IgdHJhdmVsaW5nIGluY29nbml0bywgaGlzIGZlbGxvdyBWaWN0b3JpYW4gQXJ0aHVyIEphbWVzIEx5b24gRnJlbWFudGxlIGN1dCBhIGRpZmZlcmVudCBmaWd1cmUgZHVyaW5nIGhpcyBzb2pvdXJuIGluIEFtZXJpY2EuIFRoZSBjdWxtaW5hdGlvbiBvZiBGcmVtYW50bGUncyB0aHJlZS1tb250aCB0cmVrIHRocm91Z2ggdGhlIHNocmlua2luZyBDLlMuQS4gd2FzIHdhdGNoaW5nIEdldHR5c2J1cmcgYWxvbmdzaWRlIExvbmdzdHJlZXQgYW5kIExlZS4gQWx0aG91Z2ggc3ltcGF0aGV0aWMgdG8gdmlld2luZyBTb3V0aGVybmVycyBhcyBhICJnYWxsYW50IHJhY2UiIGFmdGVyIGJlaW5nIGZldGVkIGJ5IHRoZW0gaW4gTmF0Y2hleiwgQ2hhcmxlc3RvbiwgYW5kIFJpY2htb25kLCBGcmVtYW50bGUncyBpbml0aWFsIHRyYXZlbCB0aHJvdWdoIFRleGFzIGFuZCBMb3Vpc2lhbmEgZXhwb3NlZCBoaW0gdG8gZnJvbnRpZXIgaGFyZHNoaXBzLiBBbmQgaW4gZHVlIHRpbWUgaGUgd2FzIGludHJvZHVjZWQgdG8gdGhlIHdheXMgb2YgWWFua2VlIGNvbW1lcmNpYWxpc20uIEVuY291bnRlcmluZyBzb21lIGhvc3RpbGUgUGVubnN5bHZhbmlhbnMgZHVyaW5nIHRoZSBHZXR0eXNidXJnIGNhbXBhaWduLCBGcmVtYW50bGUgcmVjb3JkZWQgaGlzIHJlYWN0aW9uOiAiVGhlIHNpZ2h0IG9mIGdvbGQsIHdoaWNoIEkgZXhjaGFuZ2VkIGZvciB0aGVpciBncmVlbmJhY2tzLCBicm91Z2h0IGFib3V0IGEgY2hhbmdlLCBhbmQgYnkgZGVncmVlcyB0aGV5IGJlY2FtZSBxdWl0ZSBhZmZhYmxlIiAoPGk+VGhlIEZyZW1hbnRsZSBEaWFyeTwvaT4pLjxicj48YnI+RnJlbmNoIGFyaXN0b2NyYXQgQ2FtaWxsZSBkZSBQb2xpZ25hYyB3YXMgb25seSAyOSB3aGVuIGhlIG9idGFpbmVkIGEgY29tbWlzc2lvbiBmcm9tIEplZmZlcnNvbiBEYXZpcy4gQmVmb3JlIHdhcidzIGVuZCwgaGUgaGFkIHJlY2VpdmVkIGEgcHJvbW90aW9uIHRvIG1ham9yIGdlbmVyYWwgYW5kIGFuIGludHJvZHVjdGlvbiB0byBBbWVyaWNhbiBjdWx0dXJlLiBOZWFyIENvcmludGgsIE1pc3Npc3NpcHBpLCBoZSBvYnNlcnZlZCBhIHNodW5waWtlIHRoYXQgYWxsb3dlZCB0cmF2ZWxlcnMgdG8gc2tpcnQgcGF5aW5nIHRoZSB0dXJucGlrZSB0b2xsLiAiSG93IHZlcnkgQW1lcmljYW4hIiBoZSBleGNsYWltZWQuIEplZmYgS2luYXJkJ3MgUG9saWduYWMgYmlvZ3JhcGh5LCBMYWZheWV0dGUgb2YgdGhlIFNvdXRoLCByZWNhbGxzIG90aGVyIGFuZWNkb3RlczogUG9saWduYWMgY2hhcm1pbmcgUmljaG1vbmQgc29jaWV0eTsgZW5kdXJpbmcgYW4gaW1wcm9tcHR1IHBpYW5vIHJlY2l0YWwgaW4gTm9ydGggTG91aXNpYW5hOyB3aW5uaW5nIHRoZSByZXNwZWN0IG9mIGhpcyBzY3JhcHB5IFRleGFzIGJyaWdhZGUgYnkgbGVhZGluZyB0aGVtIGludG8gYmF0dGxlIHdpdGggdGhlIGNyeSwgIkNvbWUgb24gYm95cywgY29tZSBvbiwgdGhlc2UgdGhpbmdzIGRvIG1ha2UgYSBoZWxsIG9mIGEgbm9pc2UgYnV0IGRvbid0IGh1cnQgbXVjaCEiIDxicj48YnI+QnV0IHNvbWUgdmlzaXRvcnMgd2VyZSByZXNpc3RhbnQgdG8gc291dGhlcm4gY29tZm9ydC4gRnJhbmNpcyBTcHJpbmdlciwgYSBMdXRoZXJhbiBtaW5pc3RlciBhbmQgUmVwdWJsaWNhbiBhY3RpdmlzdCBmcm9tIFNwcmluZ2ZpZWxkLCBJbGxpbm9pcywgd2hvIHNlcnZlZCBhcyBhIFVuaW9uIGFybXkgY2hhcGxhaW4gdGhyb3VnaG91dCB0aGUgVHJhbnMtTWlzc2lzc2lwcGksIGVudGVyZWQgaGlzIHJlZmxlY3Rpb25zIGluIGEgZmllbGQgam91cm5hbCAoPGk+VGhlIFByZWFjaGVyJ3MgVGFsZTwvaT4pLiAiVGhlIGV1bG9naXN0cyBvZiBDaGl2YWxyeSBhcmUgaGVhcmQgdG8gc2F5LCB0aGUgWWFua2VlcyBhcmUgYSBtb25leS1sb3ZpbmcsIGdyYXNwaW5nIHRyaWJlOyB3aGlsZSB0aGUgc291dGhlcm5lcnMgYXJlIGZyZWUtaGVhcnRlZCAmYW1wOyBsaWJlcmFsLCIgaGUgd3JvdGUuICJJcyBzdWNoIHByYWlzZSBvZiB0aGUgb25lICZhbXA7IHNuZWVyIGF0IHRoZSBvdGhlciBqdXN0aWZpZWQgYnkgdGhlIGZhY3RzPyIgSGUgd291bGQgZW50ZXJ0YWluIG5vIGlsbHVzaW9ucyBhYm91dCB0aGUgZ3JhY2lvdXMgbWFubmVycyBvZiBzbGF2ZWhvbGRlcnMgYW5kIHNlY2Vzc2lvbmlzdHMuPGJyPjxicj4gU2ltaWxhcmx5IEplYW4tQ2hhcmxlcyBIb3V6ZWF1LCBhIEJlbGdpYW4gbmF0dXJhbGlzdCBhbmQgcHJvZ3Jlc3NpdmlzdCB3aG8gZWRpdGVkIHRoZSBibGFjayBkYWlseSBOZXcgT3JsZWFucyBUcmlidW5lIGJldHdlZW4gMTg2NC02OCwgd2l0bmVzc2VkIHRoZSBpbmZhbW91cyByaW90IG9mIEp1bHkgMTg2NiBhbmQgbG9hdGhlZCB0aGUgZGVjYWRlbmNlIG9mIHRoZSB3aGl0ZSBDcmVvbGUgcG9wdWxhdGlvbi4gIlRoZSBFdXJvcGVhbiBxdWFydGVyIG9mIE5ldyBPcmxlYW5zIGlzIGEgZGlzZ3JhY2UgZm9yIGEgY2l2aWxpemVkIGNpdHksIiBoZSBjb25maWRlZCBpbiBhIGxldHRlci4gIldoYXQgYSBjb250cmFzdCB3aXRoIHRoZSBzZXZlcml0eSBvZiB0aGUgQW5nbG8tU2F4b25zLCB3aG8gYXJlIHdpdGhvdXQgZG91YnQgY29sZCwgYnV0IHdobyBjb250cm9sIHRoZW1zZWx2ZXMiICg8aT5NeSBQYXNzYWdlIGF0IHRoZSBOZXcgT3JsZWFucyBUcmlidW5lPC9pPikuPGJyPjxicj4gRWFjaCB0cmF2ZWxlciBkZXBhcnRlZCB0aGUgU291dGggdW5kZXIgZGlmZmVyZW50IGNvbmRpdGlvbnMtRnJlbWFudGxlIHByb3BoZXN5aW5nIENvbmZlZGVyYXRlIHZpY3RvcnksIFBvbGlnbmFjIG9uIGEgZGVzcGVyYXRlIGRpcGxvbWF0aWMgYmlkIHRvIEZyYW5jZSwgU3ByaW5nZXIgcmV2ZWxpbmcgaW4gVW5pb24gdmljdG9yeSwgSG91emVhdSBpbiBkZXNwYWlyIG92ZXIgUmVjb25zdHJ1Y3Rpb24ncyBmYWlsdXJlLiBJbiBjb21tb24sIGhvd2V2ZXIsIGFsbCB3ZXJlIHRyYW5zZm9ybWVkIGJ5IHRoZWlyIHRyYXZlbHMsIHNvbWV0aW1lcyBkZXNwaXRlIHRoZW1zZWx2ZXMuIEFuZCwgaW4gdHVybiwgdGhlIGFjY291bnRzIHRoZXkgbGVmdCBiZWhpbmQgdHJhbnNmb3JtIHJlYWRlcnMgbGlrZSB1cy48YnI+PGJyPiBJZiB5b3VyIGxvY2FsIHB1YmxpYyBvciB1bml2ZXJzaXR5IGxpYnJhcnkgZG9lcyBub3QgYWxyZWFkeSBjYXJyeSA8aT5DaXZpbCBXYXIgQm9vayBSZXZpZXc8L2k+LCBwbGVhc2UgY29uc2lkZXIgYXNraW5nIHRoZSBzdGFmZiB0byBwdXJjaGFzZSBhIHN1YnNjcmlwdGlvbi4gSSBjYW5ub3QgdGhpbmsgb2YgYSBiZXR0ZXIgaG91c2V3YXJtaW5nIGdpZnQgdGhhdCBvdXIgcmVhZGVycyBjb3VsZCBvZmZlciBteSBzdWNjZXNzb3Iu</embed>
                </file>
            </galley>
        </article>
        <article>
            <title>REDISCOVERING CIVIL WAR CLASSICS: Remembering the Sultana</title>
            <abstract>\N</abstract>
            <indexing/>
            <sponsor/>
            <author primary_contact="false">
                <firstname>David</firstname>
                <middlename><![CDATA[ ]]></middlename>
                <lastname>Madden</lastname>
                <email>email@email.com</email>
            </author>
            <pages/>
            <date_published>\N</date_published>
            <open_access/>
            <galley>
                <label>HTML</label>
                <file>
                    <embed encoding="base64" filename="articletext001.html" mime_type="text/html">PHA+PGJyPkxhc3Qgc3ByaW5nLCBhdCB0aGUgTXQuIE9saXZlIENlbWV0ZXJ5IGluIG15IGhvbWV0b3duIG9mIEtub3h2aWxsZSwgVGVubmVzc2VlLCBJIGF0dGVuZGVkIHRoZSAxM3RoIGFubnVhbCByZXVuaW9uIG9mIHRoZSBBc3NvY2lhdGlvbiBvZjxpPiBTdWx0YW5hPC9pPiBEZXNjZW5kYW50cyBhbmQgRnJpZW5kcyBbd3d3LnN1bHRhbmEub3JnXS4gVGhvc2UgYXNzZW1ibGVkIHRoZXJlIHdpbGwgZm9yZXZlciByZW1lbWJlciB3aGF0IG1vc3QgQW1lcmljYW5zIGEgZmV3IGRheXMgYWZ0ZXIgdGhlIGVuZCBvZiB0aGUgQ2l2aWwgV2FyIGZvcmdvdCBhcyBxdWlja2x5IGFzIHRoZXkgY291bGQ6IHRoZSBzaW5raW5nIG9mIHRoZSA8aT5TdWx0YW5hPC9pPi48YnI+PGJyPiBWZXhpbmcgdGhlIEZhdGhlciBvZiBXYXRlcnMgZm9yIG9ubHkgYSBmZXcgaG91cnMsIHRoZSA8aT5TdWx0YW5hPC9pPiBleHBsb2RlZCBhbmQgYWxtb3N0IDEsNjAwIFVuaW9uIHNvbGRpZXJzLCBob21ld2FyZCBib3VuZCBmcm9tIENvbmZlZGVyYXRlIHByaXNvbnMsIHBlcmlzaGVkLiBDb252ZXJnaW5nIGxpbmVzIG9mIGZvcmNlIGluIGJhdHRsZXMsIGhvc3BpdGFscywgcHJpc29ucyBicm91Z2h0IHRoZW0gdG8gdGhhdCBib2F0LCB0aGF0IGhhdmVuLCB3aXRoIGl0cyBkZWZlY3RpdmUgYm9pbGVyLCBpdHMgZ3JlZWR5IG9mZmljaWFscywgb24gdGhlIG5pZ2h0IG9mIEFwcmlsIDI3LCAxODY1LCAxOCBkYXlzIGFmdGVyIHRoZSBDb25mZWRlcmF0ZXMgbG9zdCB0aGUgd2FyLCAxMyBkYXlzIGFmdGVyIHRoZSBVbmlvbiBsb3N0IGl0cyBwcmVzaWRlbnQuIERpZCB0aGUgZHJvd25pbmcgdmljdGltcyBzZWUgdGhlaXIgd2hvbGUgbGl2ZXMsIG9yIGp1c3QgdGhlIHByaXNvbiBvcmRlYWxzLCBmbGFzaCBiZWZvcmUgdGhlaXIgZXllcz8gQW5kIGRpZCB0aGUgc3Vydml2b3JzIHRoZW4gZHJvd24gYWxsIHRoZSByZXN0IG9mIHRoZWlyIGxpdmVzIGluIHRoZSBtZW1vcnk/PGJyPjxicj4gUHJpc29uZXJzIG9mIHdhciBvbiBib3RoIHNpZGVzIGZvdWdodCBzb21lIG9mIHRoZSBtb3N0IGNvdXJhZ2VvdXMgYmF0dGxlcyBmb3Igc3Vydml2YWwuIEFmdGVyIGhhdmluZyBzdXJ2aXZlZCBwcmlzb24sIG1vc3Qgb2YgdGhlIG1lbiBvbiB0aGUgPGk+U3VsdGFuYTwvaT4gcGVyaXNoZWQsIGJ1dCBvdmVyIDUwMCBvdGhlcnMsIGluIHBvb3IgaGVhbHRoIG9yIHdvdW5kZWQgYWxyZWFkeSwgaW5qdXJlZCBpbiB0aGUgZXhwbG9zaW9uLCBiYXR0bGVkIHRoZSBkYXJrIHdhdGVycyBvZiB0aGUgTWlzc2lzc2lwcGkgYWJvdmUgTWVtcGhpcyBhbmQgc3Vydml2ZWQgdG8gdGVsbCB0aGUgdGFsZS4gRmV3IHBlb3BsZSBsaXN0ZW5lZCBhbmQgcmVtZW1iZXJlZC4gR3Jvd2luZyB1cCBpbiB0aGUgcGFydGx5IHVuaW9uaXN0IEVhc3QgVGVubmVzc2VlIG1vdW50YWlucywgSSBoZWFyZCBtYW55IENpdmlsIFdhciBzdG9yaWVzIGJ1dCBuZXZlciB0aGF0IG9uZSwgbm90IHVudGlsIDE5NzksIHdoZW4gSSBiZWdhbiByZXNlYXJjaCBmb3IgbXkgbm92ZWwgPGk+U2hhcnBzaG9vdGVyPC9pPiwgYW5kIHRoZSA8aT5TdWx0YW5hPC9pPiBoYXMgaGF1bnRlZCBtZSBldmVyIHNpbmNlLiBBIGNoYXB0ZXIgaW4gdGhlIG5vdmVsIGRlYWxzIHdpdGggdGhlIDxpPlN1bHRhbmE8L2k+IHNpbmtpbmcsIGFuZCBJIG1heSBzb21lIGRheSB3cml0ZSBhIHNlcGFyYXRlIG5vdmVsIGFib3V0IGl0LCBidXQgSSBoYXZlIHN0cnVnZ2xlZCBpbiB2YWluIGZvciBvdmVyIDIwIHllYXJzIHRvIGNvbXByZWhlbmQgdGhpcyBicmllZiBldmVudCwgZW1vdGlvbmFsbHksIGltYWdpbmF0aXZlbHksIGFuZCBpbnRlbGxlY3R1YWxseSwgYXQgYSBkZXB0aCBjb21tZW5zdXJhdGUgd2l0aCBpdHMgaW1wb3J0YW5jZS48YnI+PGJyPk91dCBvZiBhIGNvbXB1bHNpb24gdG8gcmVtaW5kIGhpcyBjb3VudHJ5bWVuIGFuZCB0byBmaXggdGhlIGRpc2FzdGVyIGluIHRoZWlyIGNvbGxlY3RpdmUgY29uc2Npb3VzbmVzcywgb25lIHN1cnZpdm9yLCBQcml2YXRlIENoZXN0ZXIgRC4gQmVycnksIHNldCBhYm91dCBjb21waWxpbmcgZmFjdHMsIHJlY29yZHMsIGFuZCBwZXJzb25hbCB0ZXN0aW1vbmllcy4gSGUgcHVibGlzaGVkIGhpcyB3b3JrIGluIDE4OTIgdW5kZXIgdGhlIHRpdGxlPGI+IExvc3Mgb2YgdGhlIDxpPlN1bHRhbmE8L2k+IGFuZCBSZW1pbmlzY2VuY2VzIG9mIFN1cnZpdm9yczwvYj4gKERhcml1cyBELiBUaG9ycCwgUHJpbnRlcikuIExpa2UgdGhlIEFuY2llbnQgTWFyaW5lciwgaGUgd2FudGVkIG90aGVycyB0byBoZWFyIHdoYXQgaGUgaGVhcmQgZm9yIHRoZSByZXN0IG9mIGhpcyBsaWZlOiB0aGUgc2NyZWFtcyBvZiBvbmUgdmljdGltIHdob20gaGUgd2F0Y2hlZCBzdGVwIG9mZiB0b3dhcmQgc2FmZXR5IGZyb20gdGhlIFN1bHRhbmEncyBidXJuaW5nLCBzdGVlcGx5IHNsYW50aW5nIGh1cnJpY2FuZSBkZWNrIHRvIHRoZSBidXJuaW5nIHdoZWVsaG91c2UganVzdCBhcyB0aGUgd2hlZWxob3VzZSBicm9rZSB1cCBhbmQgbWFzaGVkIGhpbSwgYXMgaW4gYW4gaXJvbiB2aWNlLCBhZ2FpbnN0IHRoZSBkZWNrLCB3aGVyZSBoZSBmbGFpbGVkIGFib3V0IGFuZCBidXJuZWQgYWxpdmUuPGJyPjxicj5XaGVuIHlvdSBjb25zaWRlciB0aGUgY3VycmVudCBhdHRlbnRpb24gYmVpbmcgcGFpZCB0byB0aGUgbG9zcyBvZiBhIGZldyBtZW4gaW4gdGhlIDxpPkh1bmxleTwvaT4gc3VibWFyaW5lLCBsYXRlbHkgYnJvdWdodCB1cCBvdXQgb2YgdGhlIG11ZCBvZiBDaGFybGVzdG9uIEJheSBhbmQgaW50byB0aGUgY29uc2Npb3VzbmVzcyBvZiBBbWVyaWNhbnMsIGl0IGlzIGFsbCB0aGUgbW9yZSBhc3RvbmlzaGluZyB0aGF0IHRoZSBncmVhdGVzdCBtYXJpdGltZSBkaXNhc3RlciBpbiB0aGUgaGlzdG9yeSBvZiB0aGUgVW5pdGVkIFN0YXRlcyBoYXMgZmFpbGVkLCBkZXNwaXRlIEJlcnJ5J3Mgd29yayBhbmQgdGhlIHB1YmxpY2F0aW9uIG9mIHRocmVlIG90aGVyIGJvb2tzIGluIHJlY2VudCB5ZWFycywgdG8gc2VpemUgdGhlIGltYWdpbmF0aW9uIG9mIEFtZXJpY2FuIHJlYWRlcnMuIE5vdCBldmVuIHRoZSBmYWN0IHRoYXQgdGhlIGV4cGxvc2lvbiBvbiB0aGUgZ3Jvc3NseSBvdmVybG9hZGVkIHN0ZWFtIHdoZWVsZXIgaXMgeWV0IGFub3RoZXIgQW1lcmljYW4gc2NhbmRhbCBpbnZvbHZpbmcgZ3JlZWQgYW5kIGlycmVzcG9uc2liaWxpdHksIHRoZSBjb25uaXZpbmcgb2YgY2l2aWxpYW5zIHdpdGggbWlsaXRhcnkgcGVyc29ubmVsLCBhcHBlYWxzIHRvIHRoZSBwdWJsaWMncyBpbnNhdGlhYmxlIGh1bmdlciBmb3Igc3VjaCBzb3JkaWQgY29uc3BpcmFjaWVzLjxicj48YnI+IElyb25pY2FsbHksIEFuZGVyc29udmlsbGUgcHJpc29uLCBpbiBub3ZlbHMsIHBsYXlzLCBtb3ZpZXMsIGFuZCBub25maWN0aW9uIHdvcmtzLCBpbmNsdWRpbmcgZXlld2l0bmVzcyBkaWFyaWVzLCBoYXMgYWx3YXlzIGNvbW1hbmRlZCBhbmQgaGVsZCB0aGUgcHVibGljJ3MgaW50ZXJlc3QuIEFuZCB5ZXQgbm90IGV2ZW4gaXJvbnkgc2VydmVzIHRvIGhvbGQgdXMgc3RpbGwgbG9uZyBlbm91Z2ggdG8gZ3Jhc3AgdGhlIGltcGFjdCBvZiB0aGUgPGk+U3VsdGFuYTwvaT4gY2F0YXN0cm9waGUuIFRoZSBpcm9ueSBpcyB0aGlzOiBtYW55IDxpPlN1bHRhbmE8L2k+IHBhc3NlbmdlcnMgd2VyZSBVbmlvbiBzb2xkaWVycyB3aG8gc3Vydml2ZWQgQW5kZXJzb252aWxsZSBvbmx5IHRvIGVuZHVyZSB5ZXQgYW5vdGhlciBkZXNjZW50IGludG8gaGVsbCB0aGF0IHNwcmluZyBuaWdodCwgYXMgTGluY29sbidzIGZ1bmVyYWwgdHJhaW4gY3Jvc3NlZCB0aGUgYmxvb2Qgd2VhcnkgbGFuZCBhbmQgZGVmZWF0ZWQgQ29uZmVkZXJhdGVzIHN0cmFnZ2xlZCBob21lLiBTb21lIGRpZSBvZiBpcm9ueS48YnI+PGJyPiBXaGF0IHdpbGwgaXQgdGFrZSB0byBtYWtlIHRoaXMgZXZlbnQgYSBzeW1ib2xpYyBleHByZXNzaW9uLCBlbWJvZHlpbmcgZXZlcnkgYWRqZWN0aXZlIGZvciBzYWQgbG9zcywgb2YgdGhlIENpdmlsIFdhcj8gQSBub3ZlbCBtb3JlIHBvd2VyZnVsIHRoYW4gPGk+QW5kZXJzb252aWxsZTwvaT4sIGEgbW92aWUgbW9yZSBhcHBlYWxpbmcgdGhhbiBUaXRhbmljICh3aG9zZSBsb3NzZXMgYXJlIGZld2VyIHRoYW4gdGhlIDxpPlN1bHRhbmEnczwvaT4pLiBNaXNzaW5nIHNvIGZhciBpcyBhIGNvbmNlcHR1YWwgaW1hZ2luYXRpb24gdGhhdCBwbGFjZXMgdGhlIDxpPlN1bHRhbmE8L2k+IGRpc2FzdGVyIGluIGEgdHJhZ2ljIGxpZ2h0LiBNZWFud2hpbGUsIHRoZSBkYXJrbmVzcyBvZiB0aGF0IG5pZ2h0IHN0aWxsIGhhbmdzLCBhbG1vc3QgMTUwIHllYXJzIGRlZXBlbmluZywgb3ZlciB0aGUgc21va2UsIHRoZSBzY3JlYW1zIGFuZCB0aGUgcHJheWVycyBvZiB0aGUgdmljdGltcyBhbmQgdGhlIGNvbXBhc3Npb25hdGUgY3JpZXMgb2YgdGhlIHJlc2N1ZXJzLCBzb21lIG9mIHRoZW0gZGVmZWF0ZWQgQ29uZmVkZXJhdGUgc29sZGllcnMuIE9ubHkgdGhlIGxpZ2h0IG9mIGFuIGV4dHJhb3JkaW5hcnkgaW1hZ2luYXRpb24gY2FuIHJhaXNlIHRoaXMgdW5pcXVlIGFuZCBtZWFuaW5nZnVsIGV2ZW50IGZyb20gdGhlIGJvdHRvbSBvZiB0aGUgRmF0aGVyIG9mIFdhdGVycy4gTGV0IHVzIGhhdmUgZmFpdGguIEZhaXRoIHRoYXQgYSBwdWJsaXNoZXIgd2lsbCByZXByaW50IGl0LiBGYWl0aCB0aGF0IHJlYWRlcnMgd2lsbCwgaW4gZW1wYXRoeSBhbmQgc29ycm93LCBmZWVsIHRoZSBzdGluZyBvZiBpcm9ueSBhbmQgdGhlIG5lZWQsIHRoZSBhY3R1YWwgZGVzaXJlLCB0byBpbWFnaW5lIHRoYXQgbmlnaHQgaW4gYWxsIGl0cyBzdHJhbmdsaW5nIGh1bWFuaXR5LCB0byByZXRyaWV2ZSBhbmQgcmVtZW1iZXIuPGJyPjxicj5CZXJyeSdzIG93biB3b3JkcywgdGhlIHRyaWFsIHJlY29yZCBjb25jZXJuaW5nIHRoZSBvZmZpY2VycyBjaGFyZ2VkIHdpdGggY3JpbWluYWwgbmVnbGlnZW5jZSwgYW5kIHRoZSBncmVhdCBjb25mbHVlbmNlIG9mIHRlc3RpbW9uaWFscywgbG9uZyBhbmQgc2hvcnQsIGFyb3VzZSB0aGUgcmVhZGVyJ3MgZW1vdGlvbnMuIEJ1dCwgbGlrZSBBbWVyaWNhbnMgaW4gMTg2NSwgYm90aCB0aGUgc3Vydml2b3JzIGFuZCB0aGUgcmVhZGVycyBvZiBCZXJyeSdzIGJvb2sgc3VmZmVyIGEgZmFpbHVyZSBvZiBpbWFnaW5hdGlvbiBhbmQgb2YgaW50ZWxsZWN0IHdoZW4gdHJ5aW5nIHRvIGRlYWwgd2l0aCB0aGlzIGltbWVkaWF0ZWx5IHBvc3R3YXIgaG9ycm9yLiBCdXQgaXQgaXMgYSBjaGFsbGVuZ2UgZGVzZXJ2aW5nIG91ciBlZmZvcnQuIFRvIHR1cm4gdG8gdGhlIG90aGVyIDxpPlN1bHRhbmE8L2k+IGJvb2tzLCBieSBKYW1lcyBXLiBFbGxpb3R0LCBKZXJyeSBPLiBQb3R0ZXIsIGFuZCBHZW5lIFNhbGVja2VyLCBiZWZvcmUgcmVhZGluZyBDaGVzdGVyIEJlcnJ5J3MgZmluZ2VyLXNpbmdlaW5nLCBoZWFydC1zdGlycmluZyBhc3NlbWJsYWdlIG9mIHZvaWNlcyBpcyB2ZXJ5IG11Y2ggc2Vjb25kIGJlc3QuIE15IGhvcGUgaXMgdGhhdCBhIHB1Ymxpc2hlciB3aWxsIGdsYWRseSBwYXkgdGhlICQ0MDAgKG9oLCBoZWxsLCBJJ2xsIHBheSkgZm9yIG9uZSBvZiB0aGUgc3Vydml2aW5nIGNvcGllcyBvZiBCZXJyeSdzIGJvb2sgYW5kIHJlcHJpbnQgaXQsIHNvIHRoYXQgQW1lcmljYW5zIG1heSBiZWdpbiB0byByZXNwb25kIGVtb3Rpb25hbGx5IHRvIHRoZSBob3JyaWZpYyBzaWdodHMsIHRoZSBzY3JlYW1zLCB0aGUgc21lbGwgb2YgYnVybmluZyB3b29kIGFuZCBmbGVzaCwgdGhlIHRhc3RlIG9mIHRoZSBNaXNzaXNzaXBwaSwgYW5kIHRoZSB0b3VjaCBvZiB0aGUgZmxhaWxpbmcgYXJtcyBvZiB0aGUgcGVyaXNoaW5nIHNvbGRpZXJzLCBhbmQgdGhlIGNpdmlsaWFuIG1lbiwgd29tZW4sIGFuZCBjaGlsZHJlbi4gUmVhZGVycyBtYXkgc3RyaXZlIHRvIGltYWdpbmUgdGhlIHZhc3QsIGNvbXBsaWNhdGVkIGNhbnZhcyBvZiBmb2xseSBhbmQgYWdvbnksIGFuZCB0aGVuIHBlcmhhcHMgdG8gcG9uZGVyIHRoZSB3ZWIgb2YgaW1wbGljYXRpb25zLCBhYnNvcmIgaW50byB0aGVpciBjb25zY2lvdXNuZXNzIHRoZSB0ZXN0aW1vbnkgb2YgdGhlIHN1cnZpdm9ycywgdGhlIGxhc3QgdGhyZWUgb2Ygd2hvbSBoZWxkIHRoZWlyIGZpbmFsIHJldW5pb24gbmVhciBLbm94dmlsbGUsIFRlbm5lc3NlZSwgaW4gMTkxOS4gPGJyPjxicj48aT5Gb3VuZGluZyBkaXJlY3RvciBvZiB0aGUgVW5pdGVkIFN0YXRlcyBDaXZpbCBXYXIgQ2VudGVyLCBEYXZpZCBNYWRkZW4gaGFzIHB1Ymxpc2hlZCAxMCBub3ZlbHMsIGluY2x1ZGluZyA8L2k+Q2Fzc2FuZHJhIFNpbmdpbmc8aT4gKHJlaXNzdWVkIDE5OTkpLCBhbmQgb3ZlciAzMCB3b3JrcyBvZiBub25maWN0aW9uLCBpbmNsdWRpbmc8L2k+IENsYXNzaWNzIG9mIENpdmlsIFdhciBGaWN0aW9uIChyZWlzc3VlZCAyMDAxKSw8aT4gd2l0aCBQZWdneSBCYWNoLiBTb21lIG9mIHRoZSBtZWRpdGF0aW9ucyBpbiB0aGlzIGNvbHVtbiBvcmlnaW5hbGx5IGFwcGVhcmVkIGluIGhpcyAxOTk2IHJldmlldyBpbiBCb29rUGFnZSBvZiBHZW5lIFNhbGVja2VyJ3MgRGlzYXN0ZXIgb24gdGhlIE1pc3Npc3NpcHBpLjwvaT4=</embed>
                </file>
            </galley>
        </article>
    </section>
</issue>

